<?xml version="1.0" encoding="UTF-8"?>
<!-- Generated by org.testng.reporters.JUnitXMLReporter -->
<testsuite ignored="2" hostname="DESKTOP-30GL0O0" failures="0" tests="5" name="Surefire test" time="0.381" errors="0" timestamp="2023-12-15T00:07:16 EST">
  <testcase classname="com.qa.base.BaseTest" name="@BeforeTest setup" time="0.101">
    <failure type="java.lang.NullPointerException">
      <![CDATA[java.lang.NullPointerException
at com.qa.base.BasePage.init_driver(BasePage.java:24)
at com.qa.base.BaseTest.setup(BaseTest.java:27)
... Removed 29 stack frames]]>
    </failure>
  </testcase> <!-- @BeforeTest setup -->
  <testcase classname="com.qa.tests.HomePageTest" name="@BeforeClass HomePageSetup" time="0.0">
    <skipped/>
  </testcase> <!-- @BeforeClass HomePageSetup -->
  <testcase classname="com.qa.base.BaseTest" name="@AfterTest teardown" time="0.0">
    <skipped/>
  </testcase> <!-- @AfterTest teardown -->
  <testcase classname="com.qa.tests.HomePageTest" name="verifyHomePageTitle" time="0.0">
    <skipped/>
  </testcase> <!-- verifyHomePageTitle -->
  <testcase classname="com.qa.tests.HomePageTest" name="verifyHomeTabDisplay" time="0.001">
    <skipped/>
  </testcase> <!-- verifyHomeTabDisplay -->
  <testcase classname="com.qa.tests.HomePageTest" name="verifyUserLoginName" time="0.0">
    <skipped/>
  </testcase> <!-- verifyUserLoginName -->
  <testcase classname="com.qa.tests.LoginPageTest" name="verifyLoginPageTest" time="0.0">
    <skipped/>
  </testcase> <!-- verifyLoginPageTest -->
  <testcase classname="com.qa.tests.LoginPageTest" name="verifyLoginFunction" time="0.0">
    <skipped/>
  </testcase> <!-- verifyLoginFunction -->
  <testcase classname="com.qa.base.BaseTest" name="@AfterTest teardown" time="0.0">
    <ignored/>
  </testcase> <!-- @AfterTest teardown -->
  <testcase classname="com.qa.base.BaseTest" name="@BeforeTest setup" time="0.0">
    <ignored/>
  </testcase> <!-- @BeforeTest setup -->
</testsuite> <!-- Surefire test -->
